Arguments: 
  C:\Program Files\nodejs\node.exe C:\Program Files (x86)\Yarn\bin\yarn.js add react-native-reanimated react-native-gesture-handler react-native-screens react-native-safe-area-context @react-native-community/masked-view

PATH: 
  C:\Windows\system32;C:\Windows;C:\Windows\System32\Wbem;C:\Windows\System32\WindowsPowerShell\v1.0\;C:\ProgramData\chocolatey\bin;C:\Program Files\nodejs\;C:\Program Files (x86)\Yarn\bin\;C:\Program Files\Common Files\Autodesk Shared\;C:\Program Files\Git\cmd;C:\Users\isaac\AppData\Local\Microsoft\WindowsApps;;C:\Users\isaac\AppData\Local\Programs\Microsoft VS Code\bin;C:\Users\isaac\AppData\Roaming\npm;C:\Users\isaac\AppData\Local\Yarn\bin

Yarn version: 
  1.22.4

Node version: 
  12.17.0

Platform: 
  win32 x64

Trace: 
  Error: EPERM: operation not permitted, unlink 'D:\NLW\booster\mobile\node_modules\file-uri-to-path\test'

npm manifest: 
  {
    "main": "node_modules/expo/AppEntry.js",
    "scripts": {
      "start": "expo start",
      "android": "expo start --android",
      "ios": "expo start --ios",
      "web": "expo start --web",
      "eject": "expo eject"
    },
    "dependencies": {
      "@expo-google-fonts/roboto": "^0.1.0",
      "@expo-google-fonts/ubuntu": "^0.1.0",
      "@react-native-community/masked-view": "0.1.6",
      "@react-navigation/native": "^5.5.0",
      "@react-navigation/stack": "^5.4.1",
      "expo": "~37.0.3",
      "expo-font": "~8.1.0",
      "react": "~16.9.0",
      "react-dom": "~16.9.0",
      "react-native": "https://github.com/expo/react-native/archive/sdk-37.0.1.tar.gz",
      "react-native-gesture-handler": "~1.6.0",
      "react-native-reanimated": "~1.7.0",
      "react-native-safe-area-context": "0.7.3",
      "react-native-screens": "~2.2.0",
      "react-native-web": "~0.11.7",
      "undefined": "@expo-google-fonts/roboto]"
    },
    "devDependencies": {
      "@babel/core": "^7.8.6",
      "@types/react": "~16.9.23",
      "@types/react-native": "~0.61.17",
      "babel-preset-expo": "~8.1.0",
      "typescript": "~3.8.3"
    },
    "private": true
  }

yarn manifest: 
  No manifest

Lockfile: 
  No lockfile
